<?xml version="1.0" encoding="UTF-8"?>
<!-- Generated by org.testng.reporters.JUnitReportReporter -->
<testsuite hostname="LAPTOP-FTPHF9DM" failures="0" tests="3" name="TestRunner.CucumberTestRunner" time="16.476" errors="0" timestamp="2024-11-08T19:33:25 IST" skipped="0">
  <testcase classname="TestRunner.CucumberTestRunner" name="runScenario" time="8.878"/>
  <testcase classname="TestRunner.CucumberTestRunner" name="runScenario" time="4.606"/>
  <testcase classname="TestRunner.CucumberTestRunner" name="runScenario" time="2.992"/>
</testsuite> <!-- TestRunner.CucumberTestRunner -->
